2025-05-10 23:02:44 [[31merror[39m] TypeError: (intermediate value) is not a function
    at Object.<anonymous> (D:\BIN\Software Architecture\project\1st\Twitter-clone\backend\q&a\config\redis.js:137:1)
    at Module._compile (node:internal/modules/cjs/loader:1565:14)
    at Object..js (node:internal/modules/cjs/loader:1708:10)
    at Module.load (node:internal/modules/cjs/loader:1318:32)
    at Function._load (node:internal/modules/cjs/loader:1128:12)
    at TracingChannel.traceSync (node:diagnostics_channel:322:14)
    at wrapModuleLoad (node:internal/modules/cjs/loader:219:24)
    at Module.require (node:internal/modules/cjs/loader:1340:12)
    at require (node:internal/modules/helpers:138:16)
    at Object.<anonymous> (D:\BIN\Software Architecture\project\1st\Twitter-clone\backend\q&a\services\cacheService.js:47:53)
2025-05-10 23:03:09 [[31merror[39m] TypeError: (intermediate value) is not a function
    at Object.<anonymous> (D:\BIN\Software Architecture\project\1st\Twitter-clone\backend\q&a\config\redis.js:137:1)
    at Module._compile (node:internal/modules/cjs/loader:1565:14)
    at Object..js (node:internal/modules/cjs/loader:1708:10)
    at Module.load (node:internal/modules/cjs/loader:1318:32)
    at Function._load (node:internal/modules/cjs/loader:1128:12)
    at TracingChannel.traceSync (node:diagnostics_channel:322:14)
    at wrapModuleLoad (node:internal/modules/cjs/loader:219:24)
    at Module.require (node:internal/modules/cjs/loader:1340:12)
    at require (node:internal/modules/helpers:138:16)
    at Object.<anonymous> (D:\BIN\Software Architecture\project\1st\Twitter-clone\backend\q&a\services\cacheService.js:47:53)
2025-05-10 23:03:20 [[31merror[39m] TypeError: (intermediate value) is not a function
    at Object.<anonymous> (D:\BIN\Software Architecture\project\1st\Twitter-clone\backend\q&a\config\redis.js:137:1)
    at Module._compile (node:internal/modules/cjs/loader:1565:14)
    at Object..js (node:internal/modules/cjs/loader:1708:10)
    at Module.load (node:internal/modules/cjs/loader:1318:32)
    at Function._load (node:internal/modules/cjs/loader:1128:12)
    at TracingChannel.traceSync (node:diagnostics_channel:322:14)
    at wrapModuleLoad (node:internal/modules/cjs/loader:219:24)
    at Module.require (node:internal/modules/cjs/loader:1340:12)
    at require (node:internal/modules/helpers:138:16)
    at Object.<anonymous> (D:\BIN\Software Architecture\project\1st\Twitter-clone\backend\q&a\services\cacheService.js:47:53)
2025-05-10 23:03:25 [[31merror[39m] TypeError: (intermediate value) is not a function
    at Object.<anonymous> (D:\BIN\Software Architecture\project\1st\Twitter-clone\backend\q&a\config\redis.js:137:1)
    at Module._compile (node:internal/modules/cjs/loader:1565:14)
    at Object..js (node:internal/modules/cjs/loader:1708:10)
    at Module.load (node:internal/modules/cjs/loader:1318:32)
    at Function._load (node:internal/modules/cjs/loader:1128:12)
    at TracingChannel.traceSync (node:diagnostics_channel:322:14)
    at wrapModuleLoad (node:internal/modules/cjs/loader:219:24)
    at Module.require (node:internal/modules/cjs/loader:1340:12)
    at require (node:internal/modules/helpers:138:16)
    at Object.<anonymous> (D:\BIN\Software Architecture\project\1st\Twitter-clone\backend\q&a\services\cacheService.js:47:53)
